[0.809s] DEBUG:colcon:Command line arguments: ['/usr/bin/colcon', 'build', '--merge-install', '--symlink-install', '--event-handlers', 'console_direct+']
[0.810s] DEBUG:colcon:Parsed command line arguments: Namespace(log_base=None, log_level=None, verb_name='build', build_base='build', install_base='install', merge_install=True, symlink_install=True, test_result_base=None, continue_on_error=False, executor='parallel', parallel_workers=4, event_handlers=['console_direct+'], ignore_user_meta=False, metas=['./colcon.meta'], base_paths=['.'], packages_ignore=None, packages_ignore_regex=None, paths=None, packages_up_to=None, packages_up_to_regex=None, packages_above=None, packages_above_and_dependencies=None, packages_above_depth=None, packages_select_by_dep=None, packages_skip_by_dep=None, packages_skip_up_to=None, packages_select_build_failed=False, packages_skip_build_finished=False, packages_select_test_failures=False, packages_skip_test_passed=False, packages_select=None, packages_skip=None, packages_select_regex=None, packages_skip_regex=None, packages_start=None, packages_end=None, cmake_args=None, cmake_target=None, cmake_target_skip_unavailable=False, cmake_clean_cache=False, cmake_clean_first=False, cmake_force_configure=False, ament_cmake_args=None, catkin_cmake_args=None, catkin_skip_building_tests=False, mixin_files=None, mixin=None, verb_parser=<colcon_mixin.mixin.mixin_argument.MixinArgumentDecorator object at 0xffff8941b4c0>, verb_extension=<colcon_core.verb.build.BuildVerb object at 0xffff8955c4f0>, main=<bound method BuildVerb.main of <colcon_core.verb.build.BuildVerb object at 0xffff8955c4f0>>, mixin_verb=('build',))
[2.086s] Level 1:colcon.colcon_core.package_discovery:discover_packages(colcon_meta) check parameters
[2.086s] Level 1:colcon.colcon_core.package_discovery:discover_packages(recursive) check parameters
[2.086s] Level 1:colcon.colcon_core.package_discovery:discover_packages(ignore) check parameters
[2.087s] Level 1:colcon.colcon_core.package_discovery:discover_packages(path) check parameters
[2.087s] Level 1:colcon.colcon_core.package_discovery:discover_packages(colcon_meta) discover
[2.087s] Level 1:colcon.colcon_core.package_discovery:discover_packages(recursive) discover
[2.087s] INFO:colcon.colcon_core.package_discovery:Crawling recursively for packages in '/opt/kilo7/robot/ros_ws'
[2.088s] Level 1:colcon.colcon_core.package_identification:_identify(.) by extensions ['ignore', 'ignore_ament_install']
[2.088s] Level 1:colcon.colcon_core.package_identification:_identify(.) by extension 'ignore'
[2.089s] Level 1:colcon.colcon_core.package_identification:_identify(.) by extension 'ignore_ament_install'
[2.089s] Level 1:colcon.colcon_core.package_identification:_identify(.) by extensions ['colcon_pkg']
[2.090s] Level 1:colcon.colcon_core.package_identification:_identify(.) by extension 'colcon_pkg'
[2.090s] Level 1:colcon.colcon_core.package_identification:_identify(.) by extensions ['colcon_meta']
[2.090s] Level 1:colcon.colcon_core.package_identification:_identify(.) by extension 'colcon_meta'
[2.090s] Level 1:colcon.colcon_core.package_identification:_identify(.) by extensions ['ros']
[2.090s] Level 1:colcon.colcon_core.package_identification:_identify(.) by extension 'ros'
[2.168s] Level 1:colcon.colcon_core.package_identification:_identify(.) by extensions ['cmake', 'python']
[2.168s] Level 1:colcon.colcon_core.package_identification:_identify(.) by extension 'cmake'
[2.168s] Level 1:colcon.colcon_core.package_identification:_identify(.) by extension 'python'
[2.168s] Level 1:colcon.colcon_core.package_identification:_identify(.) by extensions ['python_setup_py']
[2.168s] Level 1:colcon.colcon_core.package_identification:_identify(.) by extension 'python_setup_py'
[2.169s] Level 1:colcon.colcon_core.package_identification:_identify(build) by extensions ['ignore', 'ignore_ament_install']
[2.170s] Level 1:colcon.colcon_core.package_identification:_identify(build) by extension 'ignore'
[2.170s] Level 1:colcon.colcon_core.package_identification:_identify(build) ignored
[2.171s] Level 1:colcon.colcon_core.package_identification:_identify(install) by extensions ['ignore', 'ignore_ament_install']
[2.172s] Level 1:colcon.colcon_core.package_identification:_identify(install) by extension 'ignore'
[2.172s] Level 1:colcon.colcon_core.package_identification:_identify(install) ignored
[2.173s] Level 1:colcon.colcon_core.package_identification:_identify(log) by extensions ['ignore', 'ignore_ament_install']
[2.173s] Level 1:colcon.colcon_core.package_identification:_identify(log) by extension 'ignore'
[2.174s] Level 1:colcon.colcon_core.package_identification:_identify(log) ignored
[2.174s] Level 1:colcon.colcon_core.package_identification:_identify(run) by extensions ['ignore', 'ignore_ament_install']
[2.175s] Level 1:colcon.colcon_core.package_identification:_identify(run) by extension 'ignore'
[2.175s] Level 1:colcon.colcon_core.package_identification:_identify(run) by extension 'ignore_ament_install'
[2.175s] Level 1:colcon.colcon_core.package_identification:_identify(run) by extensions ['colcon_pkg']
[2.175s] Level 1:colcon.colcon_core.package_identification:_identify(run) by extension 'colcon_pkg'
[2.175s] Level 1:colcon.colcon_core.package_identification:_identify(run) by extensions ['colcon_meta']
[2.176s] Level 1:colcon.colcon_core.package_identification:_identify(run) by extension 'colcon_meta'
[2.176s] Level 1:colcon.colcon_core.package_identification:_identify(run) by extensions ['ros']
[2.176s] Level 1:colcon.colcon_core.package_identification:_identify(run) by extension 'ros'
[2.176s] Level 1:colcon.colcon_core.package_identification:_identify(run) by extensions ['cmake', 'python']
[2.176s] Level 1:colcon.colcon_core.package_identification:_identify(run) by extension 'cmake'
[2.177s] Level 1:colcon.colcon_core.package_identification:_identify(run) by extension 'python'
[2.177s] Level 1:colcon.colcon_core.package_identification:_identify(run) by extensions ['python_setup_py']
[2.177s] Level 1:colcon.colcon_core.package_identification:_identify(run) by extension 'python_setup_py'
[2.177s] Level 1:colcon.colcon_core.package_identification:_identify(src) by extensions ['ignore', 'ignore_ament_install']
[2.178s] Level 1:colcon.colcon_core.package_identification:_identify(src) by extension 'ignore'
[2.178s] Level 1:colcon.colcon_core.package_identification:_identify(src) by extension 'ignore_ament_install'
[2.178s] Level 1:colcon.colcon_core.package_identification:_identify(src) by extensions ['colcon_pkg']
[2.178s] Level 1:colcon.colcon_core.package_identification:_identify(src) by extension 'colcon_pkg'
[2.179s] Level 1:colcon.colcon_core.package_identification:_identify(src) by extensions ['colcon_meta']
[2.179s] Level 1:colcon.colcon_core.package_identification:_identify(src) by extension 'colcon_meta'
[2.179s] Level 1:colcon.colcon_core.package_identification:_identify(src) by extensions ['ros']
[2.179s] Level 1:colcon.colcon_core.package_identification:_identify(src) by extension 'ros'
[2.180s] Level 1:colcon.colcon_core.package_identification:_identify(src) by extensions ['cmake', 'python']
[2.180s] Level 1:colcon.colcon_core.package_identification:_identify(src) by extension 'cmake'
[2.180s] Level 1:colcon.colcon_core.package_identification:_identify(src) by extension 'python'
[2.180s] Level 1:colcon.colcon_core.package_identification:_identify(src) by extensions ['python_setup_py']
[2.180s] Level 1:colcon.colcon_core.package_identification:_identify(src) by extension 'python_setup_py'
[2.181s] Level 1:colcon.colcon_core.package_identification:_identify(src/kilo_core) by extensions ['ignore', 'ignore_ament_install']
[2.181s] Level 1:colcon.colcon_core.package_identification:_identify(src/kilo_core) by extension 'ignore'
[2.181s] Level 1:colcon.colcon_core.package_identification:_identify(src/kilo_core) by extension 'ignore_ament_install'
[2.182s] Level 1:colcon.colcon_core.package_identification:_identify(src/kilo_core) by extensions ['colcon_pkg']
[2.182s] Level 1:colcon.colcon_core.package_identification:_identify(src/kilo_core) by extension 'colcon_pkg'
[2.184s] Level 1:colcon.colcon_core.package_identification:_identify(src/kilo_core) by extensions ['colcon_meta']
[2.184s] Level 1:colcon.colcon_core.package_identification:_identify(src/kilo_core) by extension 'colcon_meta'
[2.184s] Level 1:colcon.colcon_core.package_identification:_identify(src/kilo_core) by extensions ['ros']
[2.184s] Level 1:colcon.colcon_core.package_identification:_identify(src/kilo_core) by extension 'ros'
[2.198s] DEBUG:colcon.colcon_core.package_identification:Failed to parse potential ROS package manifest in'src/kilo_core': Error(s) in package 'src/kilo_core/package.xml':
Invalid email "" for person "theholybull"
Maintainers must have an email address
The license tag must neither be empty nor only contain whitespaces
[2.199s] Level 1:colcon.colcon_core.package_identification:_identify(src/kilo_core) by extensions ['cmake', 'python']
[2.199s] Level 1:colcon.colcon_core.package_identification:_identify(src/kilo_core) by extension 'cmake'
[2.199s] Level 1:colcon.colcon_core.package_identification:_identify(src/kilo_core) by extension 'python'
[2.200s] DEBUG:colcon.colcon_core.package_identification:Python package in 'src/kilo_core' passes arguments to the setup() function which requires a different identification extension than 'python'
[2.200s] Level 1:colcon.colcon_core.package_identification:_identify(src/kilo_core) by extensions ['python_setup_py']
[2.200s] Level 1:colcon.colcon_core.package_identification:_identify(src/kilo_core) by extension 'python_setup_py'
[3.414s] DEBUG:colcon.colcon_core.package_identification:Package 'src/kilo_core' with type 'python' and name 'kilo_core'
[3.415s] Level 1:colcon.colcon_core.package_discovery:discover_packages(recursive) using defaults
[3.415s] Level 1:colcon.colcon_core.package_discovery:discover_packages(ignore) discover
[3.415s] Level 1:colcon.colcon_core.package_discovery:discover_packages(ignore) using defaults
[3.415s] Level 1:colcon.colcon_core.package_discovery:discover_packages(path) discover
[3.415s] Level 1:colcon.colcon_core.package_discovery:discover_packages(path) using defaults
[3.536s] INFO:colcon.colcon_metadata.metadata.colcon_pkg:Updating descriptor of package 'src/kilo_core' from colcon.pkg: {'hooks': ['share/kilo_core/hook/ament_prefix_path.dsv']}
[3.541s] Level 5:colcon.colcon_core.verb:set package 'kilo_core' build argument 'cmake_args' from command line to 'None'
[3.541s] Level 5:colcon.colcon_core.verb:set package 'kilo_core' build argument 'cmake_target' from command line to 'None'
[3.541s] Level 5:colcon.colcon_core.verb:set package 'kilo_core' build argument 'cmake_target_skip_unavailable' from command line to 'False'
[3.541s] Level 5:colcon.colcon_core.verb:set package 'kilo_core' build argument 'cmake_clean_cache' from command line to 'False'
[3.541s] Level 5:colcon.colcon_core.verb:set package 'kilo_core' build argument 'cmake_clean_first' from command line to 'False'
[3.542s] Level 5:colcon.colcon_core.verb:set package 'kilo_core' build argument 'cmake_force_configure' from command line to 'False'
[3.542s] Level 5:colcon.colcon_core.verb:set package 'kilo_core' build argument 'ament_cmake_args' from command line to 'None'
[3.542s] Level 5:colcon.colcon_core.verb:set package 'kilo_core' build argument 'catkin_cmake_args' from command line to 'None'
[3.542s] Level 5:colcon.colcon_core.verb:set package 'kilo_core' build argument 'catkin_skip_building_tests' from command line to 'False'
[3.542s] DEBUG:colcon.colcon_core.verb:Building package 'kilo_core' with the following arguments: {'ament_cmake_args': None, 'build_base': '/opt/kilo7/robot/ros_ws/build/kilo_core', 'catkin_cmake_args': None, 'catkin_skip_building_tests': False, 'cmake_args': None, 'cmake_clean_cache': False, 'cmake_clean_first': False, 'cmake_force_configure': False, 'cmake_target': None, 'cmake_target_skip_unavailable': False, 'install_base': '/opt/kilo7/robot/ros_ws/install', 'merge_install': True, 'path': '/opt/kilo7/robot/ros_ws/src/kilo_core', 'symlink_install': True, 'test_result_base': None}
[3.543s] INFO:colcon.colcon_core.executor:Executing jobs using 'parallel' executor
[3.547s] DEBUG:colcon.colcon_parallel_executor.executor.parallel:run_until_complete
[3.548s] INFO:colcon.colcon_core.task.python.build:Building Python package in '/opt/kilo7/robot/ros_ws/src/kilo_core'
[3.573s] INFO:colcon.colcon_core.plugin_system:Skipping extension 'colcon_core.shell.bat': Not used on non-Windows systems
[3.575s] INFO:colcon.colcon_core.shell:Skip shell extension 'powershell' for command environment: Not usable outside of PowerShell
[3.575s] DEBUG:colcon.colcon_core.shell:Skip shell extension 'dsv' for command environment
[6.564s] DEBUG:colcon.colcon_core.event_handler.log_command:Invoking command in '/opt/kilo7/robot/ros_ws/build/kilo_core': PYTHONPATH=/opt/kilo7/robot/ros_ws/build/kilo_core/prefix_override:/usr/lib/python3/dist-packages/colcon_core/task/python/colcon_distutils_commands:/opt/kilo7/robot/ros_ws/install/lib/python3.10/site-packages:${PYTHONPATH} /usr/bin/python3 -W ignore:setup.py install is deprecated -W ignore:easy_install command is deprecated setup.py develop --editable --build-directory /opt/kilo7/robot/ros_ws/build/kilo_core/build --no-deps symlink_data
[8.787s] Level 1:colcon.colcon_core.shell:create_environment_hook('kilo_core', 'pythonpath_develop')
[8.789s] INFO:colcon.colcon_core.shell:Creating environment hook '/opt/kilo7/robot/ros_ws/build/kilo_core/share/kilo_core/hook/pythonpath_develop.ps1'
[8.790s] DEBUG:colcon.colcon_core.event_handler.log_command:Invoked command in '/opt/kilo7/robot/ros_ws/build/kilo_core' returned '0': PYTHONPATH=/opt/kilo7/robot/ros_ws/build/kilo_core/prefix_override:/usr/lib/python3/dist-packages/colcon_core/task/python/colcon_distutils_commands:/opt/kilo7/robot/ros_ws/install/lib/python3.10/site-packages:${PYTHONPATH} /usr/bin/python3 -W ignore:setup.py install is deprecated -W ignore:easy_install command is deprecated setup.py develop --editable --build-directory /opt/kilo7/robot/ros_ws/build/kilo_core/build --no-deps symlink_data
[8.795s] INFO:colcon.colcon_core.shell:Creating environment descriptor '/opt/kilo7/robot/ros_ws/build/kilo_core/share/kilo_core/hook/pythonpath_develop.dsv'
[8.799s] INFO:colcon.colcon_core.shell:Creating environment hook '/opt/kilo7/robot/ros_ws/build/kilo_core/share/kilo_core/hook/pythonpath_develop.sh'
[8.831s] Level 1:colcon.colcon_core.environment:checking '/opt/kilo7/robot/ros_ws/install' for CMake module files
[8.835s] Level 1:colcon.colcon_core.environment:checking '/opt/kilo7/robot/ros_ws/install' for CMake config files
[8.840s] Level 1:colcon.colcon_core.environment:checking '/opt/kilo7/robot/ros_ws/install/lib'
[8.842s] Level 1:colcon.colcon_core.environment:checking '/opt/kilo7/robot/ros_ws/install/bin'
[8.842s] Level 1:colcon.colcon_core.environment:checking '/opt/kilo7/robot/ros_ws/install/lib/pkgconfig/kilo_core.pc'
[8.843s] Level 1:colcon.colcon_core.environment:checking '/opt/kilo7/robot/ros_ws/install/lib/python3.10/site-packages'
[8.843s] Level 1:colcon.colcon_core.shell:create_environment_hook('kilo_core', 'pythonpath')
[8.844s] INFO:colcon.colcon_core.shell:Creating environment hook '/opt/kilo7/robot/ros_ws/install/share/kilo_core/hook/pythonpath.ps1'
[8.847s] INFO:colcon.colcon_core.shell:Creating environment descriptor '/opt/kilo7/robot/ros_ws/install/share/kilo_core/hook/pythonpath.dsv'
[8.849s] INFO:colcon.colcon_core.shell:Creating environment hook '/opt/kilo7/robot/ros_ws/install/share/kilo_core/hook/pythonpath.sh'
[8.852s] Level 1:colcon.colcon_core.environment:checking '/opt/kilo7/robot/ros_ws/install/bin'
[8.853s] Level 1:colcon.colcon_core.environment:create_environment_scripts_only(kilo_core)
[8.854s] INFO:colcon.colcon_core.shell:Creating package script '/opt/kilo7/robot/ros_ws/install/share/kilo_core/package.ps1'
[8.859s] INFO:colcon.colcon_core.shell:Creating package descriptor '/opt/kilo7/robot/ros_ws/install/share/kilo_core/package.dsv'
[8.863s] INFO:colcon.colcon_core.shell:Creating package script '/opt/kilo7/robot/ros_ws/install/share/kilo_core/package.sh'
[8.868s] INFO:colcon.colcon_core.shell:Creating package script '/opt/kilo7/robot/ros_ws/install/share/kilo_core/package.bash'
[8.874s] INFO:colcon.colcon_core.shell:Creating package script '/opt/kilo7/robot/ros_ws/install/share/kilo_core/package.zsh'
[8.879s] Level 1:colcon.colcon_core.environment:create_file_with_runtime_dependencies(/opt/kilo7/robot/ros_ws/install/share/colcon-core/packages/kilo_core)
[8.881s] DEBUG:colcon.colcon_parallel_executor.executor.parallel:closing loop
[8.882s] DEBUG:colcon.colcon_parallel_executor.executor.parallel:loop closed
[8.883s] DEBUG:colcon.colcon_parallel_executor.executor.parallel:run_until_complete finished with '0'
[8.883s] DEBUG:colcon.colcon_core.event_reactor:joining thread
[8.917s] INFO:colcon.colcon_core.plugin_system:Skipping extension 'colcon_notification.desktop_notification.terminal_notifier': Not used on non-Darwin systems
[8.917s] INFO:colcon.colcon_core.plugin_system:Skipping extension 'colcon_notification.desktop_notification.win32': Not used on non-Windows systems
[8.917s] INFO:colcon.colcon_notification.desktop_notification:Sending desktop notification using 'notify2'
[8.923s] DEBUG:colcon.colcon_notification.desktop_notification.notify2:Failed to initialize notify2: org.freedesktop.DBus.Error.ServiceUnknown: The name org.freedesktop.Notifications was not provided by any .service files
[8.924s] DEBUG:colcon.colcon_core.event_reactor:joined thread
[8.925s] INFO:colcon.colcon_core.shell:Creating prefix script '/opt/kilo7/robot/ros_ws/install/local_setup.ps1'
[8.931s] INFO:colcon.colcon_core.shell:Creating prefix util module '/opt/kilo7/robot/ros_ws/install/_local_setup_util_ps1.py'
[8.941s] INFO:colcon.colcon_core.shell:Creating prefix chain script '/opt/kilo7/robot/ros_ws/install/setup.ps1'
[8.946s] INFO:colcon.colcon_core.shell:Creating prefix script '/opt/kilo7/robot/ros_ws/install/local_setup.sh'
[8.950s] INFO:colcon.colcon_core.shell:Creating prefix util module '/opt/kilo7/robot/ros_ws/install/_local_setup_util_sh.py'
[8.954s] INFO:colcon.colcon_core.shell:Creating prefix chain script '/opt/kilo7/robot/ros_ws/install/setup.sh'
[8.960s] INFO:colcon.colcon_core.shell:Creating prefix script '/opt/kilo7/robot/ros_ws/install/local_setup.bash'
[8.964s] INFO:colcon.colcon_core.shell:Creating prefix chain script '/opt/kilo7/robot/ros_ws/install/setup.bash'
[8.969s] INFO:colcon.colcon_core.shell:Creating prefix script '/opt/kilo7/robot/ros_ws/install/local_setup.zsh'
[8.974s] INFO:colcon.colcon_core.shell:Creating prefix chain script '/opt/kilo7/robot/ros_ws/install/setup.zsh'
