[0.606s] DEBUG:colcon:Command line arguments: ['/usr/bin/colcon', 'build', '--merge-install', '--symlink-install']
[0.607s] DEBUG:colcon:Parsed command line arguments: Namespace(log_base=None, log_level=None, verb_name='build', build_base='build', install_base='install', merge_install=True, symlink_install=True, test_result_base=None, continue_on_error=False, executor='parallel', parallel_workers=4, event_handlers=None, ignore_user_meta=False, metas=['./colcon.meta'], base_paths=['.'], packages_ignore=None, packages_ignore_regex=None, paths=None, packages_up_to=None, packages_up_to_regex=None, packages_above=None, packages_above_and_dependencies=None, packages_above_depth=None, packages_select_by_dep=None, packages_skip_by_dep=None, packages_skip_up_to=None, packages_select_build_failed=False, packages_skip_build_finished=False, packages_select_test_failures=False, packages_skip_test_passed=False, packages_select=None, packages_skip=None, packages_select_regex=None, packages_skip_regex=None, packages_start=None, packages_end=None, cmake_args=None, cmake_target=None, cmake_target_skip_unavailable=False, cmake_clean_cache=False, cmake_clean_first=False, cmake_force_configure=False, ament_cmake_args=None, catkin_cmake_args=None, catkin_skip_building_tests=False, mixin_files=None, mixin=None, verb_parser=<colcon_mixin.mixin.mixin_argument.MixinArgumentDecorator object at 0xffff83297490>, verb_extension=<colcon_core.verb.build.BuildVerb object at 0xffff833c44c0>, main=<bound method BuildVerb.main of <colcon_core.verb.build.BuildVerb object at 0xffff833c44c0>>, mixin_verb=('build',))
[1.570s] Level 1:colcon.colcon_core.package_discovery:discover_packages(colcon_meta) check parameters
[1.570s] Level 1:colcon.colcon_core.package_discovery:discover_packages(recursive) check parameters
[1.570s] Level 1:colcon.colcon_core.package_discovery:discover_packages(ignore) check parameters
[1.570s] Level 1:colcon.colcon_core.package_discovery:discover_packages(path) check parameters
[1.570s] Level 1:colcon.colcon_core.package_discovery:discover_packages(colcon_meta) discover
[1.571s] Level 1:colcon.colcon_core.package_discovery:discover_packages(recursive) discover
[1.571s] INFO:colcon.colcon_core.package_discovery:Crawling recursively for packages in '/opt/kilo7/robot/ros_ws'
[1.571s] Level 1:colcon.colcon_core.package_identification:_identify(.) by extensions ['ignore', 'ignore_ament_install']
[1.572s] Level 1:colcon.colcon_core.package_identification:_identify(.) by extension 'ignore'
[1.572s] Level 1:colcon.colcon_core.package_identification:_identify(.) by extension 'ignore_ament_install'
[1.572s] Level 1:colcon.colcon_core.package_identification:_identify(.) by extensions ['colcon_pkg']
[1.573s] Level 1:colcon.colcon_core.package_identification:_identify(.) by extension 'colcon_pkg'
[1.573s] Level 1:colcon.colcon_core.package_identification:_identify(.) by extensions ['colcon_meta']
[1.573s] Level 1:colcon.colcon_core.package_identification:_identify(.) by extension 'colcon_meta'
[1.573s] Level 1:colcon.colcon_core.package_identification:_identify(.) by extensions ['ros']
[1.573s] Level 1:colcon.colcon_core.package_identification:_identify(.) by extension 'ros'
[1.629s] Level 1:colcon.colcon_core.package_identification:_identify(.) by extensions ['cmake', 'python']
[1.629s] Level 1:colcon.colcon_core.package_identification:_identify(.) by extension 'cmake'
[1.629s] Level 1:colcon.colcon_core.package_identification:_identify(.) by extension 'python'
[1.630s] Level 1:colcon.colcon_core.package_identification:_identify(.) by extensions ['python_setup_py']
[1.630s] Level 1:colcon.colcon_core.package_identification:_identify(.) by extension 'python_setup_py'
[1.630s] Level 1:colcon.colcon_core.package_identification:_identify(build) by extensions ['ignore', 'ignore_ament_install']
[1.631s] Level 1:colcon.colcon_core.package_identification:_identify(build) by extension 'ignore'
[1.632s] Level 1:colcon.colcon_core.package_identification:_identify(build) ignored
[1.632s] Level 1:colcon.colcon_core.package_identification:_identify(install) by extensions ['ignore', 'ignore_ament_install']
[1.633s] Level 1:colcon.colcon_core.package_identification:_identify(install) by extension 'ignore'
[1.633s] Level 1:colcon.colcon_core.package_identification:_identify(install) ignored
[1.634s] Level 1:colcon.colcon_core.package_identification:_identify(log) by extensions ['ignore', 'ignore_ament_install']
[1.634s] Level 1:colcon.colcon_core.package_identification:_identify(log) by extension 'ignore'
[1.634s] Level 1:colcon.colcon_core.package_identification:_identify(log) ignored
[1.635s] Level 1:colcon.colcon_core.package_identification:_identify(src) by extensions ['ignore', 'ignore_ament_install']
[1.635s] Level 1:colcon.colcon_core.package_identification:_identify(src) by extension 'ignore'
[1.635s] Level 1:colcon.colcon_core.package_identification:_identify(src) by extension 'ignore_ament_install'
[1.635s] Level 1:colcon.colcon_core.package_identification:_identify(src) by extensions ['colcon_pkg']
[1.636s] Level 1:colcon.colcon_core.package_identification:_identify(src) by extension 'colcon_pkg'
[1.636s] Level 1:colcon.colcon_core.package_identification:_identify(src) by extensions ['colcon_meta']
[1.636s] Level 1:colcon.colcon_core.package_identification:_identify(src) by extension 'colcon_meta'
[1.636s] Level 1:colcon.colcon_core.package_identification:_identify(src) by extensions ['ros']
[1.636s] Level 1:colcon.colcon_core.package_identification:_identify(src) by extension 'ros'
[1.637s] Level 1:colcon.colcon_core.package_identification:_identify(src) by extensions ['cmake', 'python']
[1.637s] Level 1:colcon.colcon_core.package_identification:_identify(src) by extension 'cmake'
[1.637s] Level 1:colcon.colcon_core.package_identification:_identify(src) by extension 'python'
[1.637s] Level 1:colcon.colcon_core.package_identification:_identify(src) by extensions ['python_setup_py']
[1.637s] Level 1:colcon.colcon_core.package_identification:_identify(src) by extension 'python_setup_py'
[1.638s] Level 1:colcon.colcon_core.package_identification:_identify(src/kilo_core) by extensions ['ignore', 'ignore_ament_install']
[1.638s] Level 1:colcon.colcon_core.package_identification:_identify(src/kilo_core) by extension 'ignore'
[1.638s] Level 1:colcon.colcon_core.package_identification:_identify(src/kilo_core) by extension 'ignore_ament_install'
[1.639s] Level 1:colcon.colcon_core.package_identification:_identify(src/kilo_core) by extensions ['colcon_pkg']
[1.639s] Level 1:colcon.colcon_core.package_identification:_identify(src/kilo_core) by extension 'colcon_pkg'
[1.641s] Level 1:colcon.colcon_core.package_identification:_identify(src/kilo_core) by extensions ['colcon_meta']
[1.641s] Level 1:colcon.colcon_core.package_identification:_identify(src/kilo_core) by extension 'colcon_meta'
[1.641s] Level 1:colcon.colcon_core.package_identification:_identify(src/kilo_core) by extensions ['ros']
[1.641s] Level 1:colcon.colcon_core.package_identification:_identify(src/kilo_core) by extension 'ros'
[1.652s] DEBUG:colcon.colcon_core.package_identification:Failed to parse potential ROS package manifest in'src/kilo_core': Error(s) in package 'src/kilo_core/package.xml':
Invalid email "" for person "theholybull"
Maintainers must have an email address
The license tag must neither be empty nor only contain whitespaces
[1.652s] Level 1:colcon.colcon_core.package_identification:_identify(src/kilo_core) by extensions ['cmake', 'python']
[1.652s] Level 1:colcon.colcon_core.package_identification:_identify(src/kilo_core) by extension 'cmake'
[1.652s] Level 1:colcon.colcon_core.package_identification:_identify(src/kilo_core) by extension 'python'
[1.653s] DEBUG:colcon.colcon_core.package_identification:Python package in 'src/kilo_core' passes arguments to the setup() function which requires a different identification extension than 'python'
[1.653s] Level 1:colcon.colcon_core.package_identification:_identify(src/kilo_core) by extensions ['python_setup_py']
[1.653s] Level 1:colcon.colcon_core.package_identification:_identify(src/kilo_core) by extension 'python_setup_py'
[2.864s] DEBUG:colcon.colcon_core.package_identification:Package 'src/kilo_core' with type 'python' and name 'kilo_core'
[2.865s] Level 1:colcon.colcon_core.package_discovery:discover_packages(recursive) using defaults
[2.865s] Level 1:colcon.colcon_core.package_discovery:discover_packages(ignore) discover
[2.865s] Level 1:colcon.colcon_core.package_discovery:discover_packages(ignore) using defaults
[2.865s] Level 1:colcon.colcon_core.package_discovery:discover_packages(path) discover
[2.866s] Level 1:colcon.colcon_core.package_discovery:discover_packages(path) using defaults
[2.953s] INFO:colcon.colcon_metadata.metadata.colcon_pkg:Updating descriptor of package 'src/kilo_core' from colcon.pkg: {'hooks': ['share/kilo_core/hook/ament_prefix_path.dsv']}
[2.957s] Level 5:colcon.colcon_core.verb:set package 'kilo_core' build argument 'cmake_args' from command line to 'None'
[2.958s] Level 5:colcon.colcon_core.verb:set package 'kilo_core' build argument 'cmake_target' from command line to 'None'
[2.958s] Level 5:colcon.colcon_core.verb:set package 'kilo_core' build argument 'cmake_target_skip_unavailable' from command line to 'False'
[2.959s] Level 5:colcon.colcon_core.verb:set package 'kilo_core' build argument 'cmake_clean_cache' from command line to 'False'
[2.959s] Level 5:colcon.colcon_core.verb:set package 'kilo_core' build argument 'cmake_clean_first' from command line to 'False'
[2.960s] Level 5:colcon.colcon_core.verb:set package 'kilo_core' build argument 'cmake_force_configure' from command line to 'False'
[2.960s] Level 5:colcon.colcon_core.verb:set package 'kilo_core' build argument 'ament_cmake_args' from command line to 'None'
[2.960s] Level 5:colcon.colcon_core.verb:set package 'kilo_core' build argument 'catkin_cmake_args' from command line to 'None'
[2.961s] Level 5:colcon.colcon_core.verb:set package 'kilo_core' build argument 'catkin_skip_building_tests' from command line to 'False'
[2.961s] DEBUG:colcon.colcon_core.verb:Building package 'kilo_core' with the following arguments: {'ament_cmake_args': None, 'build_base': '/opt/kilo7/robot/ros_ws/build/kilo_core', 'catkin_cmake_args': None, 'catkin_skip_building_tests': False, 'cmake_args': None, 'cmake_clean_cache': False, 'cmake_clean_first': False, 'cmake_force_configure': False, 'cmake_target': None, 'cmake_target_skip_unavailable': False, 'install_base': '/opt/kilo7/robot/ros_ws/install', 'merge_install': True, 'path': '/opt/kilo7/robot/ros_ws/src/kilo_core', 'symlink_install': True, 'test_result_base': None}
[2.963s] INFO:colcon.colcon_core.executor:Executing jobs using 'parallel' executor
[2.970s] DEBUG:colcon.colcon_parallel_executor.executor.parallel:run_until_complete
[2.973s] INFO:colcon.colcon_core.task.python.build:Building Python package in '/opt/kilo7/robot/ros_ws/src/kilo_core'
[2.987s] INFO:colcon.colcon_core.plugin_system:Skipping extension 'colcon_core.shell.bat': Not used on non-Windows systems
[2.989s] INFO:colcon.colcon_core.shell:Skip shell extension 'powershell' for command environment: Not usable outside of PowerShell
[2.989s] DEBUG:colcon.colcon_core.shell:Skip shell extension 'dsv' for command environment
[6.164s] DEBUG:colcon.colcon_core.event_handler.log_command:Invoking command in '/opt/kilo7/robot/ros_ws/build/kilo_core': PYTHONPATH=/opt/kilo7/robot/ros_ws/build/kilo_core/prefix_override:/usr/lib/python3/dist-packages/colcon_core/task/python/colcon_distutils_commands:/opt/kilo7/robot/ros_ws/install/lib/python3.10/site-packages:${PYTHONPATH} /usr/bin/python3 -W ignore:setup.py install is deprecated -W ignore:easy_install command is deprecated setup.py develop --editable --build-directory /opt/kilo7/robot/ros_ws/build/kilo_core/build --no-deps symlink_data
[8.569s] Level 1:colcon.colcon_core.shell:create_environment_hook('kilo_core', 'pythonpath_develop')
[8.570s] INFO:colcon.colcon_core.shell:Creating environment hook '/opt/kilo7/robot/ros_ws/build/kilo_core/share/kilo_core/hook/pythonpath_develop.ps1'
[8.572s] DEBUG:colcon.colcon_core.event_handler.log_command:Invoked command in '/opt/kilo7/robot/ros_ws/build/kilo_core' returned '0': PYTHONPATH=/opt/kilo7/robot/ros_ws/build/kilo_core/prefix_override:/usr/lib/python3/dist-packages/colcon_core/task/python/colcon_distutils_commands:/opt/kilo7/robot/ros_ws/install/lib/python3.10/site-packages:${PYTHONPATH} /usr/bin/python3 -W ignore:setup.py install is deprecated -W ignore:easy_install command is deprecated setup.py develop --editable --build-directory /opt/kilo7/robot/ros_ws/build/kilo_core/build --no-deps symlink_data
[8.575s] INFO:colcon.colcon_core.shell:Creating environment descriptor '/opt/kilo7/robot/ros_ws/build/kilo_core/share/kilo_core/hook/pythonpath_develop.dsv'
[8.579s] INFO:colcon.colcon_core.shell:Creating environment hook '/opt/kilo7/robot/ros_ws/build/kilo_core/share/kilo_core/hook/pythonpath_develop.sh'
[8.597s] Level 1:colcon.colcon_core.environment:checking '/opt/kilo7/robot/ros_ws/install' for CMake module files
[8.600s] Level 1:colcon.colcon_core.environment:checking '/opt/kilo7/robot/ros_ws/install' for CMake config files
[8.605s] Level 1:colcon.colcon_core.environment:checking '/opt/kilo7/robot/ros_ws/install/lib'
[8.606s] Level 1:colcon.colcon_core.environment:checking '/opt/kilo7/robot/ros_ws/install/bin'
[8.606s] Level 1:colcon.colcon_core.environment:checking '/opt/kilo7/robot/ros_ws/install/lib/pkgconfig/kilo_core.pc'
[8.607s] Level 1:colcon.colcon_core.environment:checking '/opt/kilo7/robot/ros_ws/install/lib/python3.10/site-packages'
[8.607s] Level 1:colcon.colcon_core.shell:create_environment_hook('kilo_core', 'pythonpath')
[8.608s] INFO:colcon.colcon_core.shell:Creating environment hook '/opt/kilo7/robot/ros_ws/install/share/kilo_core/hook/pythonpath.ps1'
[8.611s] INFO:colcon.colcon_core.shell:Creating environment descriptor '/opt/kilo7/robot/ros_ws/install/share/kilo_core/hook/pythonpath.dsv'
[8.614s] INFO:colcon.colcon_core.shell:Creating environment hook '/opt/kilo7/robot/ros_ws/install/share/kilo_core/hook/pythonpath.sh'
[8.618s] Level 1:colcon.colcon_core.environment:checking '/opt/kilo7/robot/ros_ws/install/bin'
[8.618s] Level 1:colcon.colcon_core.environment:create_environment_scripts_only(kilo_core)
[8.620s] INFO:colcon.colcon_core.shell:Creating package script '/opt/kilo7/robot/ros_ws/install/share/kilo_core/package.ps1'
[8.625s] INFO:colcon.colcon_core.shell:Creating package descriptor '/opt/kilo7/robot/ros_ws/install/share/kilo_core/package.dsv'
[8.629s] INFO:colcon.colcon_core.shell:Creating package script '/opt/kilo7/robot/ros_ws/install/share/kilo_core/package.sh'
[8.634s] INFO:colcon.colcon_core.shell:Creating package script '/opt/kilo7/robot/ros_ws/install/share/kilo_core/package.bash'
[8.638s] INFO:colcon.colcon_core.shell:Creating package script '/opt/kilo7/robot/ros_ws/install/share/kilo_core/package.zsh'
[8.642s] Level 1:colcon.colcon_core.environment:create_file_with_runtime_dependencies(/opt/kilo7/robot/ros_ws/install/share/colcon-core/packages/kilo_core)
[8.644s] DEBUG:colcon.colcon_parallel_executor.executor.parallel:closing loop
[8.645s] DEBUG:colcon.colcon_parallel_executor.executor.parallel:loop closed
[8.646s] DEBUG:colcon.colcon_parallel_executor.executor.parallel:run_until_complete finished with '0'
[8.647s] DEBUG:colcon.colcon_core.event_reactor:joining thread
[8.678s] INFO:colcon.colcon_core.plugin_system:Skipping extension 'colcon_notification.desktop_notification.terminal_notifier': Not used on non-Darwin systems
[8.678s] INFO:colcon.colcon_core.plugin_system:Skipping extension 'colcon_notification.desktop_notification.win32': Not used on non-Windows systems
[8.679s] INFO:colcon.colcon_notification.desktop_notification:Sending desktop notification using 'notify2'
[8.685s] DEBUG:colcon.colcon_notification.desktop_notification.notify2:Failed to initialize notify2: org.freedesktop.DBus.Error.ServiceUnknown: The name org.freedesktop.Notifications was not provided by any .service files
[8.686s] DEBUG:colcon.colcon_core.event_reactor:joined thread
[8.687s] INFO:colcon.colcon_core.shell:Creating prefix script '/opt/kilo7/robot/ros_ws/install/local_setup.ps1'
[8.692s] INFO:colcon.colcon_core.shell:Creating prefix util module '/opt/kilo7/robot/ros_ws/install/_local_setup_util_ps1.py'
[8.699s] INFO:colcon.colcon_core.shell:Creating prefix chain script '/opt/kilo7/robot/ros_ws/install/setup.ps1'
[8.705s] INFO:colcon.colcon_core.shell:Creating prefix script '/opt/kilo7/robot/ros_ws/install/local_setup.sh'
[8.708s] INFO:colcon.colcon_core.shell:Creating prefix util module '/opt/kilo7/robot/ros_ws/install/_local_setup_util_sh.py'
[8.712s] INFO:colcon.colcon_core.shell:Creating prefix chain script '/opt/kilo7/robot/ros_ws/install/setup.sh'
[8.718s] INFO:colcon.colcon_core.shell:Creating prefix script '/opt/kilo7/robot/ros_ws/install/local_setup.bash'
[8.721s] INFO:colcon.colcon_core.shell:Creating prefix chain script '/opt/kilo7/robot/ros_ws/install/setup.bash'
[8.726s] INFO:colcon.colcon_core.shell:Creating prefix script '/opt/kilo7/robot/ros_ws/install/local_setup.zsh'
[8.729s] INFO:colcon.colcon_core.shell:Creating prefix chain script '/opt/kilo7/robot/ros_ws/install/setup.zsh'
