[2.983s] Invoking command in '/opt/kilo7/robot/ros_ws/build/kilo_core': PYTHONPATH=/opt/kilo7/robot/ros_ws/build/kilo_core/prefix_override:/usr/lib/python3/dist-packages/colcon_core/task/python/colcon_distutils_commands:/opt/kilo7/robot/ros_ws/install/lib/python3.10/site-packages:${PYTHONPATH} /usr/bin/python3 -W ignore:setup.py install is deprecated -W ignore:easy_install command is deprecated setup.py develop --editable --build-directory /opt/kilo7/robot/ros_ws/build/kilo_core/build --no-deps symlink_data
[4.269s] running develop
[5.085s] running egg_info
[5.086s] writing kilo_core.egg-info/PKG-INFO
[5.088s] writing dependency_links to kilo_core.egg-info/dependency_links.txt
[5.089s] writing entry points to kilo_core.egg-info/entry_points.txt
[5.090s] writing requirements to kilo_core.egg-info/requires.txt
[5.091s] writing top-level names to kilo_core.egg-info/top_level.txt
[5.100s] reading manifest file 'kilo_core.egg-info/SOURCES.txt'
[5.105s] writing manifest file 'kilo_core.egg-info/SOURCES.txt'
[5.111s] running build_ext
[5.112s] Creating /opt/kilo7/robot/ros_ws/install/lib/python3.10/site-packages/kilo-core.egg-link (link to .)
[5.116s] Installing control_pwm script to /opt/kilo7/robot/ros_ws/install/lib/kilo_core
[5.117s] Installing mqtt_bridge script to /opt/kilo7/robot/ros_ws/install/lib/kilo_core
[5.118s] Installing relay_kill script to /opt/kilo7/robot/ros_ws/install/lib/kilo_core
[5.119s] Installing safety_gate script to /opt/kilo7/robot/ros_ws/install/lib/kilo_core
[5.121s] 
[5.122s] Installed /opt/kilo7/robot/ros_ws/build/kilo_core
[5.124s] running symlink_data
[5.276s] Invoked command in '/opt/kilo7/robot/ros_ws/build/kilo_core' returned '0': PYTHONPATH=/opt/kilo7/robot/ros_ws/build/kilo_core/prefix_override:/usr/lib/python3/dist-packages/colcon_core/task/python/colcon_distutils_commands:/opt/kilo7/robot/ros_ws/install/lib/python3.10/site-packages:${PYTHONPATH} /usr/bin/python3 -W ignore:setup.py install is deprecated -W ignore:easy_install command is deprecated setup.py develop --editable --build-directory /opt/kilo7/robot/ros_ws/build/kilo_core/build --no-deps symlink_data
