[2.694s] Invoking command in '/opt/kilo7/robot/ros_ws/build/kilo_core': PYTHONPATH=/opt/kilo7/robot/ros_ws/build/kilo_core/prefix_override:/usr/lib/python3/dist-packages/colcon_core/task/python/colcon_distutils_commands:/opt/kilo7/robot/ros_ws/install/lib/python3.10/site-packages:${PYTHONPATH} /usr/bin/python3 -W ignore:setup.py install is deprecated -W ignore:easy_install command is deprecated setup.py develop --editable --build-directory /opt/kilo7/robot/ros_ws/build/kilo_core/build --no-deps symlink_data
[3.867s] running develop
[4.570s] running egg_info
[4.571s] creating kilo_core.egg-info
[4.572s] writing kilo_core.egg-info/PKG-INFO
[4.573s] writing dependency_links to kilo_core.egg-info/dependency_links.txt
[4.574s] writing entry points to kilo_core.egg-info/entry_points.txt
[4.575s] writing requirements to kilo_core.egg-info/requires.txt
[4.575s] writing top-level names to kilo_core.egg-info/top_level.txt
[4.576s] writing manifest file 'kilo_core.egg-info/SOURCES.txt'
[4.584s] reading manifest file 'kilo_core.egg-info/SOURCES.txt'
[4.587s] writing manifest file 'kilo_core.egg-info/SOURCES.txt'
[4.593s] running build_ext
[4.594s] Creating /opt/kilo7/robot/ros_ws/install/lib/python3.10/site-packages/kilo-core.egg-link (link to .)
[4.598s] Installing control_pwm script to /opt/kilo7/robot/ros_ws/install/lib/kilo_core
[4.599s] Installing mqtt_bridge script to /opt/kilo7/robot/ros_ws/install/lib/kilo_core
[4.600s] Installing relay_kill script to /opt/kilo7/robot/ros_ws/install/lib/kilo_core
[4.601s] Installing safety_gate script to /opt/kilo7/robot/ros_ws/install/lib/kilo_core
[4.602s] 
[4.603s] Installed /opt/kilo7/robot/ros_ws/build/kilo_core
[4.604s] running symlink_data
[4.605s] creating /opt/kilo7/robot/ros_ws/install/share
[4.606s] creating /opt/kilo7/robot/ros_ws/install/share/ament_index
[4.606s] creating /opt/kilo7/robot/ros_ws/install/share/ament_index/resource_index
[4.607s] creating /opt/kilo7/robot/ros_ws/install/share/ament_index/resource_index/packages
[4.608s] symbolically linking /opt/kilo7/robot/ros_ws/build/kilo_core/resource/kilo_core -> /opt/kilo7/robot/ros_ws/install/share/ament_index/resource_index/packages
[4.609s] creating /opt/kilo7/robot/ros_ws/install/share/kilo_core
[4.610s] symbolically linking /opt/kilo7/robot/ros_ws/build/kilo_core/package.xml -> /opt/kilo7/robot/ros_ws/install/share/kilo_core
[4.611s] creating /opt/kilo7/robot/ros_ws/install/share/kilo_core/config
[4.612s] symbolically linking /opt/kilo7/robot/ros_ws/build/kilo_core/config/kilo.yaml -> /opt/kilo7/robot/ros_ws/install/share/kilo_core/config
[4.614s] creating /opt/kilo7/robot/ros_ws/install/share/kilo_core/systemd
[4.615s] symbolically linking /opt/kilo7/robot/ros_ws/build/kilo_core/systemd/kilo7-control.service -> /opt/kilo7/robot/ros_ws/install/share/kilo_core/systemd
[4.617s] symbolically linking /opt/kilo7/robot/ros_ws/build/kilo_core/systemd/kilo7-relay-kill.service -> /opt/kilo7/robot/ros_ws/install/share/kilo_core/systemd
[4.618s] symbolically linking /opt/kilo7/robot/ros_ws/build/kilo_core/systemd/kilo7-mqtt-bridge.service -> /opt/kilo7/robot/ros_ws/install/share/kilo_core/systemd
[4.620s] symbolically linking /opt/kilo7/robot/ros_ws/build/kilo_core/systemd/kilo7-safety-gate.service -> /opt/kilo7/robot/ros_ws/install/share/kilo_core/systemd
[4.621s] symbolically linking /opt/kilo7/robot/ros_ws/build/kilo_core/systemd/kilo7-backend.env -> /opt/kilo7/robot/ros_ws/install/share/kilo_core/systemd
[4.623s] creating /opt/kilo7/robot/ros_ws/install/share/kilo_core/hook
[4.624s] symbolically linking /opt/kilo7/robot/ros_ws/build/kilo_core/hooks/ament_prefix_path.dsv -> /opt/kilo7/robot/ros_ws/install/share/kilo_core/hook
[4.749s] Invoked command in '/opt/kilo7/robot/ros_ws/build/kilo_core' returned '0': PYTHONPATH=/opt/kilo7/robot/ros_ws/build/kilo_core/prefix_override:/usr/lib/python3/dist-packages/colcon_core/task/python/colcon_distutils_commands:/opt/kilo7/robot/ros_ws/install/lib/python3.10/site-packages:${PYTHONPATH} /usr/bin/python3 -W ignore:setup.py install is deprecated -W ignore:easy_install command is deprecated setup.py develop --editable --build-directory /opt/kilo7/robot/ros_ws/build/kilo_core/build --no-deps symlink_data
