[2.899s] Invoking command in '/opt/kilo7/robot/ros_ws/build/kilo_core': PYTHONPATH=/opt/kilo7/robot/ros_ws/build/kilo_core/prefix_override:/usr/lib/python3/dist-packages/colcon_core/task/python/colcon_distutils_commands:/opt/kilo7/robot/ros_ws/install/lib/python3.10/site-packages:${PYTHONPATH} /usr/bin/python3 -W ignore:setup.py install is deprecated -W ignore:easy_install command is deprecated setup.py develop --editable --build-directory /opt/kilo7/robot/ros_ws/build/kilo_core/build --no-deps symlink_data
[4.088s] running develop
[4.811s] running egg_info
[4.812s] writing kilo_core.egg-info/PKG-INFO
[4.813s] writing dependency_links to kilo_core.egg-info/dependency_links.txt
[4.814s] writing entry points to kilo_core.egg-info/entry_points.txt
[4.815s] writing requirements to kilo_core.egg-info/requires.txt
[4.816s] writing top-level names to kilo_core.egg-info/top_level.txt
[4.824s] reading manifest file 'kilo_core.egg-info/SOURCES.txt'
[4.865s] writing manifest file 'kilo_core.egg-info/SOURCES.txt'
[4.872s] running build_ext
[4.874s] Creating /opt/kilo7/robot/ros_ws/install/lib/python3.10/site-packages/kilo-core.egg-link (link to .)
[4.878s] Installing control_pwm script to /opt/kilo7/robot/ros_ws/install/lib/kilo_core
[4.879s] Installing mqtt_bridge script to /opt/kilo7/robot/ros_ws/install/lib/kilo_core
[4.880s] Installing relay_kill script to /opt/kilo7/robot/ros_ws/install/lib/kilo_core
[4.880s] Installing safety_gate script to /opt/kilo7/robot/ros_ws/install/lib/kilo_core
[4.882s] 
[4.882s] Installed /opt/kilo7/robot/ros_ws/build/kilo_core
[4.883s] running symlink_data
[5.071s] Invoked command in '/opt/kilo7/robot/ros_ws/build/kilo_core' returned '0': PYTHONPATH=/opt/kilo7/robot/ros_ws/build/kilo_core/prefix_override:/usr/lib/python3/dist-packages/colcon_core/task/python/colcon_distutils_commands:/opt/kilo7/robot/ros_ws/install/lib/python3.10/site-packages:${PYTHONPATH} /usr/bin/python3 -W ignore:setup.py install is deprecated -W ignore:easy_install command is deprecated setup.py develop --editable --build-directory /opt/kilo7/robot/ros_ws/build/kilo_core/build --no-deps symlink_data
