[3.132s] Invoking command in '/opt/kilo7/robot/ros_ws/build/kilo_core': PYTHONPATH=/opt/kilo7/robot/ros_ws/build/kilo_core/prefix_override:/usr/lib/python3/dist-packages/colcon_core/task/python/colcon_distutils_commands:/opt/kilo7/robot/ros_ws/install/lib/python3.10/site-packages:${PYTHONPATH} /usr/bin/python3 -W ignore:setup.py install is deprecated -W ignore:easy_install command is deprecated setup.py develop --editable --build-directory /opt/kilo7/robot/ros_ws/build/kilo_core/build --no-deps symlink_data
[4.419s] running develop
[5.240s] running egg_info
[5.240s] writing kilo_core.egg-info/PKG-INFO
[5.246s] writing dependency_links to kilo_core.egg-info/dependency_links.txt
[5.246s] writing entry points to kilo_core.egg-info/entry_points.txt
[5.247s] writing requirements to kilo_core.egg-info/requires.txt
[5.247s] writing top-level names to kilo_core.egg-info/top_level.txt
[5.254s] reading manifest file 'kilo_core.egg-info/SOURCES.txt'
[5.259s] writing manifest file 'kilo_core.egg-info/SOURCES.txt'
[5.266s] running build_ext
[5.267s] Creating /opt/kilo7/robot/ros_ws/install/lib/python3.10/site-packages/kilo-core.egg-link (link to .)
[5.271s] Installing control_pwm script to /opt/kilo7/robot/ros_ws/install/lib/kilo_core
[5.272s] Installing mqtt_bridge script to /opt/kilo7/robot/ros_ws/install/lib/kilo_core
[5.273s] Installing relay_kill script to /opt/kilo7/robot/ros_ws/install/lib/kilo_core
[5.275s] Installing safety_gate script to /opt/kilo7/robot/ros_ws/install/lib/kilo_core
[5.276s] 
[5.277s] Installed /opt/kilo7/robot/ros_ws/build/kilo_core
[5.277s] running symlink_data
[5.428s] Invoked command in '/opt/kilo7/robot/ros_ws/build/kilo_core' returned '0': PYTHONPATH=/opt/kilo7/robot/ros_ws/build/kilo_core/prefix_override:/usr/lib/python3/dist-packages/colcon_core/task/python/colcon_distutils_commands:/opt/kilo7/robot/ros_ws/install/lib/python3.10/site-packages:${PYTHONPATH} /usr/bin/python3 -W ignore:setup.py install is deprecated -W ignore:easy_install command is deprecated setup.py develop --editable --build-directory /opt/kilo7/robot/ros_ws/build/kilo_core/build --no-deps symlink_data
