[0.499s] DEBUG:colcon:Command line arguments: ['/usr/bin/colcon', 'build', '--merge-install', '--symlink-install']
[0.500s] DEBUG:colcon:Parsed command line arguments: Namespace(log_base=None, log_level=None, verb_name='build', build_base='build', install_base='install', merge_install=True, symlink_install=True, test_result_base=None, continue_on_error=False, executor='parallel', parallel_workers=4, event_handlers=None, ignore_user_meta=False, metas=['./colcon.meta'], base_paths=['.'], packages_ignore=None, packages_ignore_regex=None, paths=None, packages_up_to=None, packages_up_to_regex=None, packages_above=None, packages_above_and_dependencies=None, packages_above_depth=None, packages_select_by_dep=None, packages_skip_by_dep=None, packages_skip_up_to=None, packages_select_build_failed=False, packages_skip_build_finished=False, packages_select_test_failures=False, packages_skip_test_passed=False, packages_select=None, packages_skip=None, packages_select_regex=None, packages_skip_regex=None, packages_start=None, packages_end=None, cmake_args=None, cmake_target=None, cmake_target_skip_unavailable=False, cmake_clean_cache=False, cmake_clean_first=False, cmake_force_configure=False, ament_cmake_args=None, catkin_cmake_args=None, catkin_skip_building_tests=False, mixin_files=None, mixin=None, verb_parser=<colcon_mixin.mixin.mixin_argument.MixinArgumentDecorator object at 0xffffab2fb4c0>, verb_extension=<colcon_core.verb.build.BuildVerb object at 0xffffab4284f0>, main=<bound method BuildVerb.main of <colcon_core.verb.build.BuildVerb object at 0xffffab4284f0>>, mixin_verb=('build',))
[1.278s] Level 1:colcon.colcon_core.package_discovery:discover_packages(colcon_meta) check parameters
[1.278s] Level 1:colcon.colcon_core.package_discovery:discover_packages(recursive) check parameters
[1.279s] Level 1:colcon.colcon_core.package_discovery:discover_packages(ignore) check parameters
[1.279s] Level 1:colcon.colcon_core.package_discovery:discover_packages(path) check parameters
[1.279s] Level 1:colcon.colcon_core.package_discovery:discover_packages(colcon_meta) discover
[1.279s] Level 1:colcon.colcon_core.package_discovery:discover_packages(recursive) discover
[1.279s] INFO:colcon.colcon_core.package_discovery:Crawling recursively for packages in '/opt/kilo7/robot/ros_ws'
[1.280s] Level 1:colcon.colcon_core.package_identification:_identify(.) by extensions ['ignore', 'ignore_ament_install']
[1.280s] Level 1:colcon.colcon_core.package_identification:_identify(.) by extension 'ignore'
[1.280s] Level 1:colcon.colcon_core.package_identification:_identify(.) by extension 'ignore_ament_install'
[1.281s] Level 1:colcon.colcon_core.package_identification:_identify(.) by extensions ['colcon_pkg']
[1.281s] Level 1:colcon.colcon_core.package_identification:_identify(.) by extension 'colcon_pkg'
[1.281s] Level 1:colcon.colcon_core.package_identification:_identify(.) by extensions ['colcon_meta']
[1.281s] Level 1:colcon.colcon_core.package_identification:_identify(.) by extension 'colcon_meta'
[1.282s] Level 1:colcon.colcon_core.package_identification:_identify(.) by extensions ['ros']
[1.282s] Level 1:colcon.colcon_core.package_identification:_identify(.) by extension 'ros'
[1.337s] Level 1:colcon.colcon_core.package_identification:_identify(.) by extensions ['cmake', 'python']
[1.337s] Level 1:colcon.colcon_core.package_identification:_identify(.) by extension 'cmake'
[1.338s] Level 1:colcon.colcon_core.package_identification:_identify(.) by extension 'python'
[1.338s] Level 1:colcon.colcon_core.package_identification:_identify(.) by extensions ['python_setup_py']
[1.338s] Level 1:colcon.colcon_core.package_identification:_identify(.) by extension 'python_setup_py'
[1.339s] Level 1:colcon.colcon_core.package_identification:_identify(build) by extensions ['ignore', 'ignore_ament_install']
[1.339s] Level 1:colcon.colcon_core.package_identification:_identify(build) by extension 'ignore'
[1.340s] Level 1:colcon.colcon_core.package_identification:_identify(build) ignored
[1.341s] Level 1:colcon.colcon_core.package_identification:_identify(install) by extensions ['ignore', 'ignore_ament_install']
[1.341s] Level 1:colcon.colcon_core.package_identification:_identify(install) by extension 'ignore'
[1.341s] Level 1:colcon.colcon_core.package_identification:_identify(install) ignored
[1.342s] Level 1:colcon.colcon_core.package_identification:_identify(log) by extensions ['ignore', 'ignore_ament_install']
[1.342s] Level 1:colcon.colcon_core.package_identification:_identify(log) by extension 'ignore'
[1.342s] Level 1:colcon.colcon_core.package_identification:_identify(log) ignored
[1.343s] Level 1:colcon.colcon_core.package_identification:_identify(src) by extensions ['ignore', 'ignore_ament_install']
[1.343s] Level 1:colcon.colcon_core.package_identification:_identify(src) by extension 'ignore'
[1.343s] Level 1:colcon.colcon_core.package_identification:_identify(src) by extension 'ignore_ament_install'
[1.343s] Level 1:colcon.colcon_core.package_identification:_identify(src) by extensions ['colcon_pkg']
[1.344s] Level 1:colcon.colcon_core.package_identification:_identify(src) by extension 'colcon_pkg'
[1.344s] Level 1:colcon.colcon_core.package_identification:_identify(src) by extensions ['colcon_meta']
[1.344s] Level 1:colcon.colcon_core.package_identification:_identify(src) by extension 'colcon_meta'
[1.344s] Level 1:colcon.colcon_core.package_identification:_identify(src) by extensions ['ros']
[1.344s] Level 1:colcon.colcon_core.package_identification:_identify(src) by extension 'ros'
[1.345s] Level 1:colcon.colcon_core.package_identification:_identify(src) by extensions ['cmake', 'python']
[1.345s] Level 1:colcon.colcon_core.package_identification:_identify(src) by extension 'cmake'
[1.345s] Level 1:colcon.colcon_core.package_identification:_identify(src) by extension 'python'
[1.345s] Level 1:colcon.colcon_core.package_identification:_identify(src) by extensions ['python_setup_py']
[1.345s] Level 1:colcon.colcon_core.package_identification:_identify(src) by extension 'python_setup_py'
[1.346s] Level 1:colcon.colcon_core.package_identification:_identify(src/kilo_core) by extensions ['ignore', 'ignore_ament_install']
[1.346s] Level 1:colcon.colcon_core.package_identification:_identify(src/kilo_core) by extension 'ignore'
[1.346s] Level 1:colcon.colcon_core.package_identification:_identify(src/kilo_core) by extension 'ignore_ament_install'
[1.347s] Level 1:colcon.colcon_core.package_identification:_identify(src/kilo_core) by extensions ['colcon_pkg']
[1.347s] Level 1:colcon.colcon_core.package_identification:_identify(src/kilo_core) by extension 'colcon_pkg'
[1.348s] Level 1:colcon.colcon_core.package_identification:_identify(src/kilo_core) by extensions ['colcon_meta']
[1.349s] Level 1:colcon.colcon_core.package_identification:_identify(src/kilo_core) by extension 'colcon_meta'
[1.349s] Level 1:colcon.colcon_core.package_identification:_identify(src/kilo_core) by extensions ['ros']
[1.349s] Level 1:colcon.colcon_core.package_identification:_identify(src/kilo_core) by extension 'ros'
[1.359s] DEBUG:colcon.colcon_core.package_identification:Failed to parse potential ROS package manifest in'src/kilo_core': Error(s) in package 'src/kilo_core/package.xml':
Invalid email "" for person "theholybull"
Maintainers must have an email address
The license tag must neither be empty nor only contain whitespaces
[1.360s] Level 1:colcon.colcon_core.package_identification:_identify(src/kilo_core) by extensions ['cmake', 'python']
[1.360s] Level 1:colcon.colcon_core.package_identification:_identify(src/kilo_core) by extension 'cmake'
[1.360s] Level 1:colcon.colcon_core.package_identification:_identify(src/kilo_core) by extension 'python'
[1.361s] DEBUG:colcon.colcon_core.package_identification:Python package in 'src/kilo_core' passes arguments to the setup() function which requires a different identification extension than 'python'
[1.361s] Level 1:colcon.colcon_core.package_identification:_identify(src/kilo_core) by extensions ['python_setup_py']
[1.361s] Level 1:colcon.colcon_core.package_identification:_identify(src/kilo_core) by extension 'python_setup_py'
[2.519s] DEBUG:colcon.colcon_core.package_identification:Package 'src/kilo_core' with type 'python' and name 'kilo_core'
[2.519s] Level 1:colcon.colcon_core.package_discovery:discover_packages(recursive) using defaults
[2.519s] Level 1:colcon.colcon_core.package_discovery:discover_packages(ignore) discover
[2.519s] Level 1:colcon.colcon_core.package_discovery:discover_packages(ignore) using defaults
[2.519s] Level 1:colcon.colcon_core.package_discovery:discover_packages(path) discover
[2.520s] Level 1:colcon.colcon_core.package_discovery:discover_packages(path) using defaults
[2.604s] INFO:colcon.colcon_metadata.metadata.colcon_pkg:Updating descriptor of package 'src/kilo_core' from colcon.pkg: {'hooks': ['share/kilo_core/hook/ament_prefix_path.dsv']}
[2.608s] Level 5:colcon.colcon_core.verb:set package 'kilo_core' build argument 'cmake_args' from command line to 'None'
[2.608s] Level 5:colcon.colcon_core.verb:set package 'kilo_core' build argument 'cmake_target' from command line to 'None'
[2.608s] Level 5:colcon.colcon_core.verb:set package 'kilo_core' build argument 'cmake_target_skip_unavailable' from command line to 'False'
[2.608s] Level 5:colcon.colcon_core.verb:set package 'kilo_core' build argument 'cmake_clean_cache' from command line to 'False'
[2.609s] Level 5:colcon.colcon_core.verb:set package 'kilo_core' build argument 'cmake_clean_first' from command line to 'False'
[2.609s] Level 5:colcon.colcon_core.verb:set package 'kilo_core' build argument 'cmake_force_configure' from command line to 'False'
[2.609s] Level 5:colcon.colcon_core.verb:set package 'kilo_core' build argument 'ament_cmake_args' from command line to 'None'
[2.609s] Level 5:colcon.colcon_core.verb:set package 'kilo_core' build argument 'catkin_cmake_args' from command line to 'None'
[2.609s] Level 5:colcon.colcon_core.verb:set package 'kilo_core' build argument 'catkin_skip_building_tests' from command line to 'False'
[2.609s] DEBUG:colcon.colcon_core.verb:Building package 'kilo_core' with the following arguments: {'ament_cmake_args': None, 'build_base': '/opt/kilo7/robot/ros_ws/build/kilo_core', 'catkin_cmake_args': None, 'catkin_skip_building_tests': False, 'cmake_args': None, 'cmake_clean_cache': False, 'cmake_clean_first': False, 'cmake_force_configure': False, 'cmake_target': None, 'cmake_target_skip_unavailable': False, 'install_base': '/opt/kilo7/robot/ros_ws/install', 'merge_install': True, 'path': '/opt/kilo7/robot/ros_ws/src/kilo_core', 'symlink_install': True, 'test_result_base': None}
[2.610s] INFO:colcon.colcon_core.executor:Executing jobs using 'parallel' executor
[2.614s] DEBUG:colcon.colcon_parallel_executor.executor.parallel:run_until_complete
[2.615s] INFO:colcon.colcon_core.task.python.build:Building Python package in '/opt/kilo7/robot/ros_ws/src/kilo_core'
[2.625s] INFO:colcon.colcon_core.plugin_system:Skipping extension 'colcon_core.shell.bat': Not used on non-Windows systems
[2.626s] INFO:colcon.colcon_core.shell:Skip shell extension 'powershell' for command environment: Not usable outside of PowerShell
[2.626s] DEBUG:colcon.colcon_core.shell:Skip shell extension 'dsv' for command environment
[5.334s] DEBUG:colcon.colcon_core.event_handler.log_command:Invoking command in '/opt/kilo7/robot/ros_ws/build/kilo_core': PYTHONPATH=/opt/kilo7/robot/ros_ws/build/kilo_core/prefix_override:/usr/lib/python3/dist-packages/colcon_core/task/python/colcon_distutils_commands:/opt/kilo7/robot/ros_ws/install/lib/python3.10/site-packages:${PYTHONPATH} /usr/bin/python3 -W ignore:setup.py install is deprecated -W ignore:easy_install command is deprecated setup.py develop --editable --build-directory /opt/kilo7/robot/ros_ws/build/kilo_core/build --no-deps symlink_data
[7.426s] Level 1:colcon.colcon_core.shell:create_environment_hook('kilo_core', 'pythonpath_develop')
[7.427s] INFO:colcon.colcon_core.shell:Creating environment hook '/opt/kilo7/robot/ros_ws/build/kilo_core/share/kilo_core/hook/pythonpath_develop.ps1'
[7.428s] DEBUG:colcon.colcon_core.event_handler.log_command:Invoked command in '/opt/kilo7/robot/ros_ws/build/kilo_core' returned '0': PYTHONPATH=/opt/kilo7/robot/ros_ws/build/kilo_core/prefix_override:/usr/lib/python3/dist-packages/colcon_core/task/python/colcon_distutils_commands:/opt/kilo7/robot/ros_ws/install/lib/python3.10/site-packages:${PYTHONPATH} /usr/bin/python3 -W ignore:setup.py install is deprecated -W ignore:easy_install command is deprecated setup.py develop --editable --build-directory /opt/kilo7/robot/ros_ws/build/kilo_core/build --no-deps symlink_data
[7.431s] INFO:colcon.colcon_core.shell:Creating environment descriptor '/opt/kilo7/robot/ros_ws/build/kilo_core/share/kilo_core/hook/pythonpath_develop.dsv'
[7.434s] INFO:colcon.colcon_core.shell:Creating environment hook '/opt/kilo7/robot/ros_ws/build/kilo_core/share/kilo_core/hook/pythonpath_develop.sh'
[7.450s] Level 1:colcon.colcon_core.environment:checking '/opt/kilo7/robot/ros_ws/install' for CMake module files
[7.452s] Level 1:colcon.colcon_core.environment:checking '/opt/kilo7/robot/ros_ws/install' for CMake config files
[7.457s] Level 1:colcon.colcon_core.environment:checking '/opt/kilo7/robot/ros_ws/install/lib'
[7.458s] Level 1:colcon.colcon_core.environment:checking '/opt/kilo7/robot/ros_ws/install/bin'
[7.459s] Level 1:colcon.colcon_core.environment:checking '/opt/kilo7/robot/ros_ws/install/lib/pkgconfig/kilo_core.pc'
[7.460s] Level 1:colcon.colcon_core.environment:checking '/opt/kilo7/robot/ros_ws/install/lib/python3.10/site-packages'
[7.460s] Level 1:colcon.colcon_core.shell:create_environment_hook('kilo_core', 'pythonpath')
[7.461s] INFO:colcon.colcon_core.shell:Creating environment hook '/opt/kilo7/robot/ros_ws/install/share/kilo_core/hook/pythonpath.ps1'
[7.463s] INFO:colcon.colcon_core.shell:Creating environment descriptor '/opt/kilo7/robot/ros_ws/install/share/kilo_core/hook/pythonpath.dsv'
[7.465s] INFO:colcon.colcon_core.shell:Creating environment hook '/opt/kilo7/robot/ros_ws/install/share/kilo_core/hook/pythonpath.sh'
[7.469s] Level 1:colcon.colcon_core.environment:checking '/opt/kilo7/robot/ros_ws/install/bin'
[7.470s] Level 1:colcon.colcon_core.environment:create_environment_scripts_only(kilo_core)
[7.471s] INFO:colcon.colcon_core.shell:Creating package script '/opt/kilo7/robot/ros_ws/install/share/kilo_core/package.ps1'
[7.475s] INFO:colcon.colcon_core.shell:Creating package descriptor '/opt/kilo7/robot/ros_ws/install/share/kilo_core/package.dsv'
[7.478s] INFO:colcon.colcon_core.shell:Creating package script '/opt/kilo7/robot/ros_ws/install/share/kilo_core/package.sh'
[7.482s] INFO:colcon.colcon_core.shell:Creating package script '/opt/kilo7/robot/ros_ws/install/share/kilo_core/package.bash'
[7.486s] INFO:colcon.colcon_core.shell:Creating package script '/opt/kilo7/robot/ros_ws/install/share/kilo_core/package.zsh'
[7.489s] Level 1:colcon.colcon_core.environment:create_file_with_runtime_dependencies(/opt/kilo7/robot/ros_ws/install/share/colcon-core/packages/kilo_core)
[7.490s] DEBUG:colcon.colcon_parallel_executor.executor.parallel:closing loop
[7.492s] DEBUG:colcon.colcon_parallel_executor.executor.parallel:loop closed
[7.492s] DEBUG:colcon.colcon_parallel_executor.executor.parallel:run_until_complete finished with '0'
[7.492s] DEBUG:colcon.colcon_core.event_reactor:joining thread
[7.520s] INFO:colcon.colcon_core.plugin_system:Skipping extension 'colcon_notification.desktop_notification.terminal_notifier': Not used on non-Darwin systems
[7.521s] INFO:colcon.colcon_core.plugin_system:Skipping extension 'colcon_notification.desktop_notification.win32': Not used on non-Windows systems
[7.521s] INFO:colcon.colcon_notification.desktop_notification:Sending desktop notification using 'notify2'
[7.527s] DEBUG:colcon.colcon_notification.desktop_notification.notify2:Failed to initialize notify2: org.freedesktop.DBus.Error.ServiceUnknown: The name org.freedesktop.Notifications was not provided by any .service files
[7.528s] DEBUG:colcon.colcon_core.event_reactor:joined thread
[7.529s] INFO:colcon.colcon_core.shell:Creating prefix script '/opt/kilo7/robot/ros_ws/install/local_setup.ps1'
[7.534s] INFO:colcon.colcon_core.shell:Creating prefix util module '/opt/kilo7/robot/ros_ws/install/_local_setup_util_ps1.py'
[7.542s] INFO:colcon.colcon_core.shell:Creating prefix chain script '/opt/kilo7/robot/ros_ws/install/setup.ps1'
[7.547s] INFO:colcon.colcon_core.shell:Creating prefix script '/opt/kilo7/robot/ros_ws/install/local_setup.sh'
[7.550s] INFO:colcon.colcon_core.shell:Creating prefix util module '/opt/kilo7/robot/ros_ws/install/_local_setup_util_sh.py'
[7.553s] INFO:colcon.colcon_core.shell:Creating prefix chain script '/opt/kilo7/robot/ros_ws/install/setup.sh'
[7.558s] INFO:colcon.colcon_core.shell:Creating prefix script '/opt/kilo7/robot/ros_ws/install/local_setup.bash'
[7.560s] INFO:colcon.colcon_core.shell:Creating prefix chain script '/opt/kilo7/robot/ros_ws/install/setup.bash'
[7.565s] INFO:colcon.colcon_core.shell:Creating prefix script '/opt/kilo7/robot/ros_ws/install/local_setup.zsh'
[7.567s] INFO:colcon.colcon_core.shell:Creating prefix chain script '/opt/kilo7/robot/ros_ws/install/setup.zsh'
