[0.503s] DEBUG:colcon:Command line arguments: ['/usr/bin/colcon', 'build', '--merge-install', '--symlink-install', '--event-handlers', 'console_direct+']
[0.503s] DEBUG:colcon:Parsed command line arguments: Namespace(log_base=None, log_level=None, verb_name='build', build_base='build', install_base='install', merge_install=True, symlink_install=True, test_result_base=None, continue_on_error=False, executor='parallel', parallel_workers=4, event_handlers=['console_direct+'], ignore_user_meta=False, metas=['./colcon.meta'], base_paths=['.'], packages_ignore=None, packages_ignore_regex=None, paths=None, packages_up_to=None, packages_up_to_regex=None, packages_above=None, packages_above_and_dependencies=None, packages_above_depth=None, packages_select_by_dep=None, packages_skip_by_dep=None, packages_skip_up_to=None, packages_select_build_failed=False, packages_skip_build_finished=False, packages_select_test_failures=False, packages_skip_test_passed=False, packages_select=None, packages_skip=None, packages_select_regex=None, packages_skip_regex=None, packages_start=None, packages_end=None, cmake_args=None, cmake_target=None, cmake_target_skip_unavailable=False, cmake_clean_cache=False, cmake_clean_first=False, cmake_force_configure=False, ament_cmake_args=None, catkin_cmake_args=None, catkin_skip_building_tests=False, mixin_files=None, mixin=None, verb_parser=<colcon_mixin.mixin.mixin_argument.MixinArgumentDecorator object at 0xffff99c9b4c0>, verb_extension=<colcon_core.verb.build.BuildVerb object at 0xffff99ddc4f0>, main=<bound method BuildVerb.main of <colcon_core.verb.build.BuildVerb object at 0xffff99ddc4f0>>, mixin_verb=('build',))
[1.272s] Level 1:colcon.colcon_core.package_discovery:discover_packages(colcon_meta) check parameters
[1.273s] Level 1:colcon.colcon_core.package_discovery:discover_packages(recursive) check parameters
[1.273s] Level 1:colcon.colcon_core.package_discovery:discover_packages(ignore) check parameters
[1.273s] Level 1:colcon.colcon_core.package_discovery:discover_packages(path) check parameters
[1.273s] Level 1:colcon.colcon_core.package_discovery:discover_packages(colcon_meta) discover
[1.273s] Level 1:colcon.colcon_core.package_discovery:discover_packages(recursive) discover
[1.273s] INFO:colcon.colcon_core.package_discovery:Crawling recursively for packages in '/opt/kilo7/robot/ros_ws'
[1.274s] Level 1:colcon.colcon_core.package_identification:_identify(.) by extensions ['ignore', 'ignore_ament_install']
[1.274s] Level 1:colcon.colcon_core.package_identification:_identify(.) by extension 'ignore'
[1.275s] Level 1:colcon.colcon_core.package_identification:_identify(.) by extension 'ignore_ament_install'
[1.275s] Level 1:colcon.colcon_core.package_identification:_identify(.) by extensions ['colcon_pkg']
[1.275s] Level 1:colcon.colcon_core.package_identification:_identify(.) by extension 'colcon_pkg'
[1.275s] Level 1:colcon.colcon_core.package_identification:_identify(.) by extensions ['colcon_meta']
[1.275s] Level 1:colcon.colcon_core.package_identification:_identify(.) by extension 'colcon_meta'
[1.276s] Level 1:colcon.colcon_core.package_identification:_identify(.) by extensions ['ros']
[1.276s] Level 1:colcon.colcon_core.package_identification:_identify(.) by extension 'ros'
[1.331s] Level 1:colcon.colcon_core.package_identification:_identify(.) by extensions ['cmake', 'python']
[1.332s] Level 1:colcon.colcon_core.package_identification:_identify(.) by extension 'cmake'
[1.332s] Level 1:colcon.colcon_core.package_identification:_identify(.) by extension 'python'
[1.332s] Level 1:colcon.colcon_core.package_identification:_identify(.) by extensions ['python_setup_py']
[1.332s] Level 1:colcon.colcon_core.package_identification:_identify(.) by extension 'python_setup_py'
[1.333s] Level 1:colcon.colcon_core.package_identification:_identify(build) by extensions ['ignore', 'ignore_ament_install']
[1.333s] Level 1:colcon.colcon_core.package_identification:_identify(build) by extension 'ignore'
[1.334s] Level 1:colcon.colcon_core.package_identification:_identify(build) ignored
[1.334s] Level 1:colcon.colcon_core.package_identification:_identify(install) by extensions ['ignore', 'ignore_ament_install']
[1.334s] Level 1:colcon.colcon_core.package_identification:_identify(install) by extension 'ignore'
[1.335s] Level 1:colcon.colcon_core.package_identification:_identify(install) ignored
[1.335s] Level 1:colcon.colcon_core.package_identification:_identify(log) by extensions ['ignore', 'ignore_ament_install']
[1.336s] Level 1:colcon.colcon_core.package_identification:_identify(log) by extension 'ignore'
[1.336s] Level 1:colcon.colcon_core.package_identification:_identify(log) ignored
[1.336s] Level 1:colcon.colcon_core.package_identification:_identify(src) by extensions ['ignore', 'ignore_ament_install']
[1.336s] Level 1:colcon.colcon_core.package_identification:_identify(src) by extension 'ignore'
[1.337s] Level 1:colcon.colcon_core.package_identification:_identify(src) by extension 'ignore_ament_install'
[1.337s] Level 1:colcon.colcon_core.package_identification:_identify(src) by extensions ['colcon_pkg']
[1.337s] Level 1:colcon.colcon_core.package_identification:_identify(src) by extension 'colcon_pkg'
[1.337s] Level 1:colcon.colcon_core.package_identification:_identify(src) by extensions ['colcon_meta']
[1.337s] Level 1:colcon.colcon_core.package_identification:_identify(src) by extension 'colcon_meta'
[1.338s] Level 1:colcon.colcon_core.package_identification:_identify(src) by extensions ['ros']
[1.338s] Level 1:colcon.colcon_core.package_identification:_identify(src) by extension 'ros'
[1.338s] Level 1:colcon.colcon_core.package_identification:_identify(src) by extensions ['cmake', 'python']
[1.338s] Level 1:colcon.colcon_core.package_identification:_identify(src) by extension 'cmake'
[1.338s] Level 1:colcon.colcon_core.package_identification:_identify(src) by extension 'python'
[1.339s] Level 1:colcon.colcon_core.package_identification:_identify(src) by extensions ['python_setup_py']
[1.339s] Level 1:colcon.colcon_core.package_identification:_identify(src) by extension 'python_setup_py'
[1.339s] Level 1:colcon.colcon_core.package_identification:_identify(src/kilo_core) by extensions ['ignore', 'ignore_ament_install']
[1.340s] Level 1:colcon.colcon_core.package_identification:_identify(src/kilo_core) by extension 'ignore'
[1.340s] Level 1:colcon.colcon_core.package_identification:_identify(src/kilo_core) by extension 'ignore_ament_install'
[1.340s] Level 1:colcon.colcon_core.package_identification:_identify(src/kilo_core) by extensions ['colcon_pkg']
[1.340s] Level 1:colcon.colcon_core.package_identification:_identify(src/kilo_core) by extension 'colcon_pkg'
[1.342s] Level 1:colcon.colcon_core.package_identification:_identify(src/kilo_core) by extensions ['colcon_meta']
[1.342s] Level 1:colcon.colcon_core.package_identification:_identify(src/kilo_core) by extension 'colcon_meta'
[1.343s] Level 1:colcon.colcon_core.package_identification:_identify(src/kilo_core) by extensions ['ros']
[1.343s] Level 1:colcon.colcon_core.package_identification:_identify(src/kilo_core) by extension 'ros'
[1.353s] DEBUG:colcon.colcon_core.package_identification:Failed to parse potential ROS package manifest in'src/kilo_core': Error(s) in package 'src/kilo_core/package.xml':
Invalid email "" for person "theholybull"
Maintainers must have an email address
The license tag must neither be empty nor only contain whitespaces
[1.354s] Level 1:colcon.colcon_core.package_identification:_identify(src/kilo_core) by extensions ['cmake', 'python']
[1.354s] Level 1:colcon.colcon_core.package_identification:_identify(src/kilo_core) by extension 'cmake'
[1.354s] Level 1:colcon.colcon_core.package_identification:_identify(src/kilo_core) by extension 'python'
[1.354s] DEBUG:colcon.colcon_core.package_identification:Python package in 'src/kilo_core' passes arguments to the setup() function which requires a different identification extension than 'python'
[1.355s] Level 1:colcon.colcon_core.package_identification:_identify(src/kilo_core) by extensions ['python_setup_py']
[1.355s] Level 1:colcon.colcon_core.package_identification:_identify(src/kilo_core) by extension 'python_setup_py'
[2.502s] DEBUG:colcon.colcon_core.package_identification:Package 'src/kilo_core' with type 'python' and name 'kilo_core'
[2.502s] Level 1:colcon.colcon_core.package_discovery:discover_packages(recursive) using defaults
[2.502s] Level 1:colcon.colcon_core.package_discovery:discover_packages(ignore) discover
[2.503s] Level 1:colcon.colcon_core.package_discovery:discover_packages(ignore) using defaults
[2.503s] Level 1:colcon.colcon_core.package_discovery:discover_packages(path) discover
[2.503s] Level 1:colcon.colcon_core.package_discovery:discover_packages(path) using defaults
[2.587s] INFO:colcon.colcon_metadata.metadata.colcon_pkg:Updating descriptor of package 'src/kilo_core' from colcon.pkg: {'hooks': ['share/kilo_core/hook/ament_prefix_path.dsv']}
[2.591s] Level 5:colcon.colcon_core.verb:set package 'kilo_core' build argument 'cmake_args' from command line to 'None'
[2.591s] Level 5:colcon.colcon_core.verb:set package 'kilo_core' build argument 'cmake_target' from command line to 'None'
[2.591s] Level 5:colcon.colcon_core.verb:set package 'kilo_core' build argument 'cmake_target_skip_unavailable' from command line to 'False'
[2.592s] Level 5:colcon.colcon_core.verb:set package 'kilo_core' build argument 'cmake_clean_cache' from command line to 'False'
[2.592s] Level 5:colcon.colcon_core.verb:set package 'kilo_core' build argument 'cmake_clean_first' from command line to 'False'
[2.592s] Level 5:colcon.colcon_core.verb:set package 'kilo_core' build argument 'cmake_force_configure' from command line to 'False'
[2.592s] Level 5:colcon.colcon_core.verb:set package 'kilo_core' build argument 'ament_cmake_args' from command line to 'None'
[2.592s] Level 5:colcon.colcon_core.verb:set package 'kilo_core' build argument 'catkin_cmake_args' from command line to 'None'
[2.592s] Level 5:colcon.colcon_core.verb:set package 'kilo_core' build argument 'catkin_skip_building_tests' from command line to 'False'
[2.592s] DEBUG:colcon.colcon_core.verb:Building package 'kilo_core' with the following arguments: {'ament_cmake_args': None, 'build_base': '/opt/kilo7/robot/ros_ws/build/kilo_core', 'catkin_cmake_args': None, 'catkin_skip_building_tests': False, 'cmake_args': None, 'cmake_clean_cache': False, 'cmake_clean_first': False, 'cmake_force_configure': False, 'cmake_target': None, 'cmake_target_skip_unavailable': False, 'install_base': '/opt/kilo7/robot/ros_ws/install', 'merge_install': True, 'path': '/opt/kilo7/robot/ros_ws/src/kilo_core', 'symlink_install': True, 'test_result_base': None}
[2.593s] INFO:colcon.colcon_core.executor:Executing jobs using 'parallel' executor
[2.597s] DEBUG:colcon.colcon_parallel_executor.executor.parallel:run_until_complete
[2.598s] INFO:colcon.colcon_core.task.python.build:Building Python package in '/opt/kilo7/robot/ros_ws/src/kilo_core'
[2.609s] INFO:colcon.colcon_core.plugin_system:Skipping extension 'colcon_core.shell.bat': Not used on non-Windows systems
[2.610s] INFO:colcon.colcon_core.shell:Skip shell extension 'powershell' for command environment: Not usable outside of PowerShell
[2.610s] DEBUG:colcon.colcon_core.shell:Skip shell extension 'dsv' for command environment
[5.299s] DEBUG:colcon.colcon_core.event_handler.log_command:Invoking command in '/opt/kilo7/robot/ros_ws/build/kilo_core': PYTHONPATH=/opt/kilo7/robot/ros_ws/build/kilo_core/prefix_override:/usr/lib/python3/dist-packages/colcon_core/task/python/colcon_distutils_commands:/opt/kilo7/robot/ros_ws/install/lib/python3.10/site-packages:${PYTHONPATH} /usr/bin/python3 -W ignore:setup.py install is deprecated -W ignore:easy_install command is deprecated setup.py develop --editable --build-directory /opt/kilo7/robot/ros_ws/build/kilo_core/build --no-deps symlink_data
[7.347s] Level 1:colcon.colcon_core.shell:create_environment_hook('kilo_core', 'pythonpath_develop')
[7.348s] INFO:colcon.colcon_core.shell:Creating environment hook '/opt/kilo7/robot/ros_ws/build/kilo_core/share/kilo_core/hook/pythonpath_develop.ps1'
[7.350s] DEBUG:colcon.colcon_core.event_handler.log_command:Invoked command in '/opt/kilo7/robot/ros_ws/build/kilo_core' returned '0': PYTHONPATH=/opt/kilo7/robot/ros_ws/build/kilo_core/prefix_override:/usr/lib/python3/dist-packages/colcon_core/task/python/colcon_distutils_commands:/opt/kilo7/robot/ros_ws/install/lib/python3.10/site-packages:${PYTHONPATH} /usr/bin/python3 -W ignore:setup.py install is deprecated -W ignore:easy_install command is deprecated setup.py develop --editable --build-directory /opt/kilo7/robot/ros_ws/build/kilo_core/build --no-deps symlink_data
[7.353s] INFO:colcon.colcon_core.shell:Creating environment descriptor '/opt/kilo7/robot/ros_ws/build/kilo_core/share/kilo_core/hook/pythonpath_develop.dsv'
[7.355s] INFO:colcon.colcon_core.shell:Creating environment hook '/opt/kilo7/robot/ros_ws/build/kilo_core/share/kilo_core/hook/pythonpath_develop.sh'
[7.373s] Level 1:colcon.colcon_core.environment:checking '/opt/kilo7/robot/ros_ws/install' for CMake module files
[7.375s] Level 1:colcon.colcon_core.environment:checking '/opt/kilo7/robot/ros_ws/install' for CMake config files
[7.379s] Level 1:colcon.colcon_core.environment:checking '/opt/kilo7/robot/ros_ws/install/lib'
[7.380s] Level 1:colcon.colcon_core.environment:checking '/opt/kilo7/robot/ros_ws/install/bin'
[7.381s] Level 1:colcon.colcon_core.environment:checking '/opt/kilo7/robot/ros_ws/install/lib/pkgconfig/kilo_core.pc'
[7.382s] Level 1:colcon.colcon_core.environment:checking '/opt/kilo7/robot/ros_ws/install/lib/python3.10/site-packages'
[7.382s] Level 1:colcon.colcon_core.shell:create_environment_hook('kilo_core', 'pythonpath')
[7.383s] INFO:colcon.colcon_core.shell:Creating environment hook '/opt/kilo7/robot/ros_ws/install/share/kilo_core/hook/pythonpath.ps1'
[7.385s] INFO:colcon.colcon_core.shell:Creating environment descriptor '/opt/kilo7/robot/ros_ws/install/share/kilo_core/hook/pythonpath.dsv'
[7.386s] INFO:colcon.colcon_core.shell:Creating environment hook '/opt/kilo7/robot/ros_ws/install/share/kilo_core/hook/pythonpath.sh'
[7.390s] Level 1:colcon.colcon_core.environment:checking '/opt/kilo7/robot/ros_ws/install/bin'
[7.390s] Level 1:colcon.colcon_core.environment:create_environment_scripts_only(kilo_core)
[7.391s] INFO:colcon.colcon_core.shell:Creating package script '/opt/kilo7/robot/ros_ws/install/share/kilo_core/package.ps1'
[7.395s] INFO:colcon.colcon_core.shell:Creating package descriptor '/opt/kilo7/robot/ros_ws/install/share/kilo_core/package.dsv'
[7.398s] INFO:colcon.colcon_core.shell:Creating package script '/opt/kilo7/robot/ros_ws/install/share/kilo_core/package.sh'
[7.401s] INFO:colcon.colcon_core.shell:Creating package script '/opt/kilo7/robot/ros_ws/install/share/kilo_core/package.bash'
[7.404s] INFO:colcon.colcon_core.shell:Creating package script '/opt/kilo7/robot/ros_ws/install/share/kilo_core/package.zsh'
[7.408s] Level 1:colcon.colcon_core.environment:create_file_with_runtime_dependencies(/opt/kilo7/robot/ros_ws/install/share/colcon-core/packages/kilo_core)
[7.409s] DEBUG:colcon.colcon_parallel_executor.executor.parallel:closing loop
[7.410s] DEBUG:colcon.colcon_parallel_executor.executor.parallel:loop closed
[7.410s] DEBUG:colcon.colcon_parallel_executor.executor.parallel:run_until_complete finished with '0'
[7.411s] DEBUG:colcon.colcon_core.event_reactor:joining thread
[7.440s] INFO:colcon.colcon_core.plugin_system:Skipping extension 'colcon_notification.desktop_notification.terminal_notifier': Not used on non-Darwin systems
[7.440s] INFO:colcon.colcon_core.plugin_system:Skipping extension 'colcon_notification.desktop_notification.win32': Not used on non-Windows systems
[7.441s] INFO:colcon.colcon_notification.desktop_notification:Sending desktop notification using 'notify2'
[7.447s] DEBUG:colcon.colcon_notification.desktop_notification.notify2:Failed to initialize notify2: org.freedesktop.DBus.Error.ServiceUnknown: The name org.freedesktop.Notifications was not provided by any .service files
[7.447s] DEBUG:colcon.colcon_core.event_reactor:joined thread
[7.448s] INFO:colcon.colcon_core.shell:Creating prefix script '/opt/kilo7/robot/ros_ws/install/local_setup.ps1'
[7.453s] INFO:colcon.colcon_core.shell:Creating prefix util module '/opt/kilo7/robot/ros_ws/install/_local_setup_util_ps1.py'
[7.460s] INFO:colcon.colcon_core.shell:Creating prefix chain script '/opt/kilo7/robot/ros_ws/install/setup.ps1'
[7.465s] INFO:colcon.colcon_core.shell:Creating prefix script '/opt/kilo7/robot/ros_ws/install/local_setup.sh'
[7.467s] INFO:colcon.colcon_core.shell:Creating prefix util module '/opt/kilo7/robot/ros_ws/install/_local_setup_util_sh.py'
[7.470s] INFO:colcon.colcon_core.shell:Creating prefix chain script '/opt/kilo7/robot/ros_ws/install/setup.sh'
[7.475s] INFO:colcon.colcon_core.shell:Creating prefix script '/opt/kilo7/robot/ros_ws/install/local_setup.bash'
[7.477s] INFO:colcon.colcon_core.shell:Creating prefix chain script '/opt/kilo7/robot/ros_ws/install/setup.bash'
[7.481s] INFO:colcon.colcon_core.shell:Creating prefix script '/opt/kilo7/robot/ros_ws/install/local_setup.zsh'
[7.483s] INFO:colcon.colcon_core.shell:Creating prefix chain script '/opt/kilo7/robot/ros_ws/install/setup.zsh'
